3400 3400 0 0 2 2
3401 3401 0 0 2 1
3402 3402 0 0 1 3
3403 3403 0 0 1 2
3404 3404 0 0 2 1
3406 3406 0 0 1 2
3407 3407 0 0 1 2
3100 3100 0 0 2 1
3050 3050 0 0 2 3
3550 3550 0 0 2 3
3551 3551 0 0 1 1
3408 3408 0 0 1 3
3051 3051 0 0 1 2
3450 3450 0 0 1 1
3501 3501 0 0 1 2
3502 3502 0 0 1 2
3410 3410 0 0 1 1
3101 3101 0 0 1 3
3150 3150 0 0 2 2
3151 3151 0 0 1 1
3503 3503 0 0 2 1
3411 3411 0 0 1 1
3650 3650 0 0 2 2
3102 3102 0 0 1 2
3500 3500 0 0 2 2
3200 3200 0 0 1 1
3451 3451 0 0 1 2
3201 3201 0 0 2 1
3052 3052 0 0 2 2
3053 3053 0 0 1 1
3452 3452 0 0 2 1
3453 3453 0 0 2 1
3054 3054 0 0 1 2
3055 3055 0 0 2 1
3504 3504 0 0 1 2
3505 3505 0 0 1 2
3203 3203 0 0 1 2
3552 3552 0 0 1 2
3556 3556 0 0 1 2
3557 3557 0 0 1 2
3454 3454 0 0 2 2
3253 3253 0 0 2 2
3252 3252 0 0 2 2
3300 3300 0 0 1 1
3104 3104 0 0 1 1
3156 3156 0 0 1 1
3414 3414 0 0 2 1
3251 3251 0 0 2 2
3600 3600 0 0 1 1
3160 3160 0 0 1 1
3301 3301 0 0 1 1
3157 3157 0 0 2 1
3057 3057 0 0 2 1
3651 3651 0 0 1 1
3601 3601 0 0 2 2
3000 3000 0 0 2 1
3350 3350 0 0 1 1
3154 3154 0 0 2 2
3058 3058 0 0 1 2
3059 3059 0 0 1 2
3254 3254 0 0 1 2
3554 3554 0 0 1 1
3603 3603 0 0 1 2
3604 3604 0 0 2 2
3351 3351 0 0 1 1
3205 3205 0 0 1 2
3206 3206 0 0 2 1
3415 3415 0 0 1 2
3605 3605 0 0 1 2
3207 3207 0 0 2 2
3001 3001 0 0 1 2
3653 3653 0 0 2 2
3563 3563 0 0 1 1
3564 3564 0 0 1 2
3257 3257 0 0 2 1
3002 3002 0 0 2 2
3352 3352 0 0 1 2
3356 3356 0 0 1 3
3008 3008 0 0 2 1
3060 3060 0 0 1 2
3357 3357 0 0 1 1
3361 3361 0 0 2 1
3110 3110 0 0 1 2
3010 3010 0 0 1 2
3425 3425 0 0 1 3
3069 3069 0 0 2 1
3565 3565 0 0 1 1
3003 3003 0 0 2 2
3004 3004 0 0 1 1
3354 3354 0 0 1 2
3355 3355 0 0 1 1
3417 3417 0 0 1 2
3161 3161 0 0 1 1
3455 3455 0 0 1 2
3358 3358 0 0 1 1
3107 3107 0 0 1 2
3006 3006 0 0 2 2
3607 3607 0 0 2 2
3359 3359 0 0 1 2
3109 3109 0 0 1 1
3108 3108 0 0 2 2
3654 3654 0 0 2 2
3362 3362 0 0 2 1
3611 3611 0 0 2 1
3589 3589 0 0 1 2
3459 3459 0 0 1 2
3460 3460 0 0 1 1
3260 3260 0 0 2 1
3655 3655 0 0 2 3
3112 3112 0 0 2 1
3609 3609 0 0 1 2
3111 3111 0 0 1 2
3461 3461 0 0 1 2
3612 3612 0 0 1 2
3066 3066 0 0 2 2
3421 3421 0 0 1 2
3569 3569 0 0 2 1
3262 3262 0 0 1 3
3009 3009 0 0 2 1
3570 3570 0 0 1 1
3165 3165 0 0 2 1
3264 3264 0 0 2 1
3567 3567 0 0 2 2
3423 3423 0 0 1 2
3424 3424 0 0 2 1
3614 3614 0 0 1 1
3613 3613 0 0 2 1
3515 3515 0 0 2 1
3304 3304 0 0 2 3
3516 3516 0 0 1 2
4001 4001 0 0 1 2
3656 3656 0 0 1 1
3267 3267 0 0 1 2
3428 3428 0 0 2 1
3011 3011 0 0 1 1
3615 3615 0 0 1 1
3212 3212 0 0 1 2
3211 3211 0 0 1 2
3430 3430 0 0 1 2
3657 3657 0 0 1 2
4004 4004 0 0 2 1
4005 4005 0 0 1 2
3269 3269 0 0 2 2
3166 3166 0 0 1 2
3168 3168 0 0 2 2
3572 3572 0 0 2 1
4010 4010 0 0 1 1
3272 3272 0 0 1 2
3950 3950 0 0 2 1
3571 3571 0 0 1 1
3951 3951 0 0 1 2
3517 3517 0 0 1 1
3518 3518 0 0 1 1
3462 3462 0 0 2 2
3573 3573 0 0 1 3
3368 3368 0 0 2 1
3072 3072 0 0 2 1
3519 3519 0 0 1 1
3952 3952 0 0 2 1
3433 3433 0 0 2 2
3369 3369 0 0 1 1
3953 3953 0 0 1 2
3575 3575 0 0 1 2
3617 3617 0 0 1 2
3520 3520 0 0 2 3
3162 3162 0 0 1 2
3577 3577 0 0 1 2
3073 3073 0 0 1 1
3434 3434 0 0 1 2
3275 3275 0 0 1 2
3619 3619 0 0 2 1
3436 3436 0 0 1 2
3074 3074 0 0 1 1
3466 3466 0 0 1 1
3075 3075 0 0 1 1
3525 3525 0 0 1 1
3526 3526 0 0 1 1
3620 3620 0 0 1 1
3370 3370 0 0 1 1
3608 3608 0 0 1 2
3420 3420 0 0 1 2
3457 3457 0 0 2 1
3512 3512 0 0 1 3
3360 3360 0 0 1 2
3566 3566 0 0 2 3
3418 3418 0 0 1 2
3431 3431 0 0 2 2
3432 3432 0 0 1 2
3216 3216 0 0 2 1
3214 3214 0 0 1 2
3270 3270 0 0 1 1
3367 3367 0 0 1 2
3429 3429 0 0 1 2
3268 3268 0 0 1 2
3114 3114 0 0 2 1
3311 3311 0 0 1 2
3580 3580 0 0 2 3
3435 3435 0 0 1 2
4012 4012 0 0 2 2
4013 4013 0 0 1 2
3574 3574 0 0 2 2
3217 3217 0 0 1 1
3419 3419 0 0 2 2
3215 3215 0 0 2 1
3115 3115 0 0 1 1
3271 3271 0 0 1 1
3365 3365 0 0 1 2
3209 3209 0 0 1 2
3458 3458 0 0 2 1
3013 3013 0 0 2 1
3116 3116 0 0 1 2
3308 3308 0 0 1 2
3522 3522 0 0 1 2
3521 3521 0 0 1 1
3523 3523 0 0 1 1
3307 3307 0 0 1 2
3276 3276 0 0 2 1
3219 3219 0 0 1 1
4011 4011 0 0 2 2
3218 3218 0 0 1 2
3277 3277 0 0 1 1
3366 3366 0 0 1 2
3012 3012 0 0 1 2
3658 3658 0 0 1 1
3305 3305 0 0 1 2
4032 4032 0 0 1 1
4066 4066 0 0 1 3
3527 3527 0 0 1 1
3274 3274 0 0 1 1
3220 3220 0 0 2 2
3467 3467 0 0 1 2
3171 3171 0 0 1 1
3439 3439 0 0 1 2
3963 3963 0 0 2 2
3173 3173 0 0 2 2
3371 3371 0 0 1 2
3621 3621 0 0 2 2
3955 3955 0 0 1 1
3312 3312 0 0 1 2
3313 3313 0 0 1 2
3622 3622 0 0 1 2
3016 3016 0 0 1 1
3223 3223 0 0 1 2
3118 3118 0 0 1 2
3314 3314 0 0 2 2
3659 3659 0 0 1 2
3469 3469 0 0 1 2
4018 4018 0 0 1 1
3581 3581 0 0 1 3
4019 4019 0 0 2 2
3530 3530 0 0 1 2
3470 3470 0 0 1 2
4020 4020 0 0 1 2
3624 3624 0 0 1 1
3077 3077 0 0 1 2
3529 3529 0 0 1 3
3076 3076 0 0 2 2
3119 3119 0 0 1 2
3471 3471 0 0 1 2
3660 3660 0 0 2 2
3372 3372 0 0 1 2
3280 3280 0 0 1 2
3281 3281 0 0 1 2
3532 3532 0 0 1 2
3443 3443 0 0 1 2
3442 3442 0 0 1 2
3018 3018 0 0 2 2
4022 4022 0 0 1 2
3444 3444 0 0 1 2
3373 3373 0 0 1 2
3374 3374 0 0 1 2
3445 3445 0 0 1 2
3375 3375 0 0 1 2
3020 3020 0 0 2 2
3376 3376 0 0 2 2
3582 3582 0 0 2 3
3316 3316 0 0 1 1
3120 3120 0 0 2 2
3224 3224 0 0 1 2
4023 4023 0 0 2 3
3021 3021 0 0 2 2
3174 3174 0 0 1 2
3446 3446 0 0 1 2
3318 3318 0 0 1 1
3956 3956 0 0 1 3
3122 3122 0 0 1 2
3022 3022 0 0 1 3
3078 3078 0 0 1 2
3319 3319 0 0 1 3
3176 3176 0 0 1 2
3627 3627 0 0 1 1
3225 3225 0 0 1 2
3123 3123 0 0 1 2
3321 3321 0 0 2 2
3024 3024 0 0 1 2
3227 3227 0 0 2 2
4070 4070 0 0 2 2
3584 3584 0 0 1 2
3629 3629 0 0 1 2
3628 3628 0 0 1 2
3957 3957 0 0 1 2
4051 4051 0 0 2 2
3282 3282 0 0 2 2
3124 3124 0 0 1 2
3080 3080 0 0 1 2
3322 3322 0 0 2 2
4071 4071 0 0 1 2
3472 3472 0 0 1 2
3179 3179 0 0 1 2
4072 4072 0 0 2 2
3378 3378 0 0 1 2
3377 3377 0 0 2 2
3585 3585 0 0 1 2
4053 4053 0 0 1 3
3630 3630 0 0 2 2
3228 3228 0 0 1 2
3323 3323 0 0 1 2
4055 4055 0 0 1 2
3586 3586 0 0 1 2
3125 3125 0 0 1 2
4056 4056 0 0 1 2
3180 3180 0 0 2 2
4057 4057 0 0 1 2
3230 3230 0 0 1 2
4090 4090 0 0 1 1
3537 3537 0 0 2 3
3181 3181 0 0 2 2
4024 4024 0 0 1 2
3231 3231 0 0 2 2
4025 4025 0 0 2 2
4059 4059 0 0 2 2
4092 4092 0 0 2 2
3381 3381 0 0 1 3
3380 3380 0 0 2 2
4026 4026 0 0 1 2
4094 4094 0 0 2 2
3325 3325 0 0 2 2
4096 4096 0 0 2 2
3473 3473 0 0 2 2
4074 4074 0 0 1 2
4027 4027 0 0 1 2
3127 3127 0 0 2 2
3182 3182 0 0 2 2
3538 3538 0 0 1 3
3128 3128 0 0 2 2
3588 3588 0 0 2 2
3631 3631 0 0 2 2
3475 3475 0 0 1 2
3183 3183 0 0 1 3
4075 4075 0 0 2 2
3468 3468 0 0 1 1
3169 3169 0 0 1 1
4076 4076 0 0 1 2
3383 3383 0 0 1 2
3539 3539 0 0 1 3
3476 3476 0 0 1 2
3129 3129 0 0 1 2
3082 3082 0 0 2 3
3327 3327 0 0 2 2
3959 3959 0 0 1 1
3226 3226 0 0 2 2
4077 4077 0 0 1 2
4073 4073 0 0 2 2
4029 4029 0 0 1 2
3541 3541 0 0 1 1
3320 3320 0 0 1 1
3960 3960 0 0 1 2
3384 3384 0 0 1 3
3540 3540 0 0 1 2
3130 3130 0 0 1 2
3326 3326 0 0 1 3
3233 3233 0 0 1 2
4078 4078 0 0 1 2
3083 3083 0 0 2 2
4079 4079 0 0 1 1
3184 3184 0 0 2 2
4098 4098 0 0 1 2
3632 3632 0 0 1 2
3328 3328 0 0 1 2
4120 4120 0 0 1 3
3633 3633 0 0 2 2
4030 4030 0 0 1 2
3284 3284 0 0 2 2
3478 3478 0 0 1 1
4081 4081 0 0 1 2
4065 4065 0 0 2 2
4099 4099 0 0 2 2
4100 4100 0 0 1 1
4101 4101 0 0 2 2
3385 3385 0 0 1 2
4082 4082 0 0 1 2
3635 3635 0 0 1 1
3961 3961 0 0 1 2
4083 4083 0 0 1 2
3543 3543 0 0 1 1
3542 3542 0 0 2 2
4102 4102 0 0 1 2
3027 3027 0 0 1 2
4103 4103 0 0 1 2
3634 3634 0 0 1 2
4104 4104 0 0 1 1
3387 3387 0 0 2 2
3386 3386 0 0 2 2
4031 4031 0 0 2 3
4067 4067 0 0 1 1
4084 4084 0 0 1 3
4105 4105 0 0 1 1
3544 3544 0 0 1 1
3480 3480 0 0 2 1
3967 3967 0 0 1 1
3966 3966 0 0 1 1
4109 4109 0 0 1 2
4110 4110 0 0 1 2
3481 3481 0 0 1 1
3965 3965 0 0 1 1
3330 3330 0 0 1 2
4107 4107 0 0 1 2
4108 4108 0 0 1 2
3962 3962 0 0 1 2
3106 3106 0 0 2 1
3105 3105 0 0 1 2
3061 3061 0 0 2 2
3954 3954 0 0 2 2
3309 3309 0 0 2 2
3528 3528 0 0 2 2
3507 3507 0 0 1 2
3064 3064 0 0 2 1
3279 3279 0 0 1 2
3071 3071 0 0 1 1
3170 3170 0 0 2 3
4021 4021 0 0 2 2
3441 3441 0 0 1 3
4058 4058 0 0 1 2
3664 3664 0 0 2 2
3234 3234 0 0 1 2
4121 4121 0 0 2 2
3237 3237 0 0 2 1
4035 4035 0 0 1 2
3085 3085 0 0 1 1
3636 3636 0 0 1 1
4111 4111 0 0 1 2
4036 4036 0 0 2 3
3968 3968 0 0 1 1
4112 4112 0 0 1 2
4136 4136 0 0 1 2
4122 4122 0 0 1 2
4033 4033 0 0 2 2
3970 3970 0 0 1 2
3086 3086 0 0 2 2
4037 4037 0 0 1 2
3288 3288 0 0 2 2
3389 3389 0 0 1 1
3185 3185 0 0 2 2
3087 3087 0 0 1 1
4113 4113 0 0 2 2
3131 3131 0 0 1 2
3132 3132 0 0 1 2
3028 3028 0 0 1 2
3186 3186 0 0 2 2
4123 4123 0 0 2 2
3665 3665 0 0 1 2
4124 4124 0 0 1 2
3637 3637 0 0 1 1
3088 3088 0 0 2 2
3482 3482 0 0 1 2
4125 4125 0 0 1 2
4038 4038 0 0 2 2
3190 3190 0 0 1 2
4126 4126 0 0 1 2
4085 4085 0 0 1 1
3666 3666 0 0 1 2
4115 4115 0 0 1 2
3189 3189 0 0 2 3
4139 4139 0 0 1 1
4114 4114 0 0 1 2
3188 3188 0 0 1 1
3593 3593 0 0 2 2
4116 4116 0 0 1 1
4117 4117 0 0 2 2
3972 3972 0 0 2 2
3638 3638 0 0 1 2
4086 4086 0 0 1 3
3332 3332 0 0 1 2
3392 3392 0 0 2 2
3134 3134 0 0 1 2
3089 3089 0 0 2 2
3333 3333 0 0 1 2
3029 3029 0 0 1 1
3191 3191 0 0 2 1
4118 4118 0 0 2 1
3668 3668 0 0 1 1
3290 3290 0 0 1 2
3815 3815 0 0 1 2
3860 3860 0 0 2 3
3768 3768 0 0 1 1
3814 3814 0 0 1 2
3817 3817 0 0 1 1
3816 3816 0 0 1 1
3861 3861 0 0 1 3
3760 3760 0 0 1 2
3770 3770 0 0 2 2
3862 3862 0 0 1 3
3863 3863 0 0 2 2
3773 3773 0 0 1 2
3900 3900 0 0 1 2
3868 3868 0 0 1 2
3823 3823 0 0 1 2
3781 3781 0 0 1 2
3702 3702 0 0 1 2
3904 3904 0 0 1 2
3775 3775 0 0 1 2
3759 3759 0 0 2 1
3771 3771 0 0 2 2
3865 3865 0 0 1 3
3818 3818 0 0 2 2
3901 3901 0 0 2 1
3819 3819 0 0 2 2
3902 3902 0 0 2 3
3821 3821 0 0 1 3
3866 3866 0 0 2 2
3867 3867 0 0 2 2
3778 3778 0 0 2 2
3779 3779 0 0 1 1
